=======================================
DAILY RUN SUMMARY
Date: 2026-03-14 17:44:46
=======================================
Pages generated:     5
Pages rejected:      1
Total pages on disk: 172
Crawl budget:        5 pages/day
Indexing ratio:      9% (16/172)
Pipeline status:     SUCCESS
=======================================
=======================================
DAILY RUN SUMMARY
Date: 2026-03-14 20:07:20
=======================================
Pages generated:     5
Pages rejected:      1
Total pages on disk: 177
Crawl budget:        5 pages/day
Indexing ratio:      9% (16/177)
Pipeline status:     SUCCESS
=======================================
=======================================
DAILY RUN SUMMARY
Date: 2026-03-15 13:55:19
=======================================
Pages generated:     15
Pages rejected:      1
Total pages on disk: 212
Crawl budget:        15 pages/day
Indexing ratio:      9% (16/177)
Pipeline status:     SUCCESS
=======================================
=======================================
DAILY RUN SUMMARY
Date: 2026-03-15 14:30:01
=======================================
Pages generated:     10
Pages rejected:      1
Total pages on disk: 222
Crawl budget:        10 pages/day
Indexing ratio:      9% (16/177)
Pipeline status:     SUCCESS
=======================================
=======================================
DAILY RUN SUMMARY
Date: 2026-03-15 15:25:21
=======================================
Pages generated:     10
Pages rejected:      1
Total pages on disk: 232
Crawl budget:        10 pages/day
Indexing ratio:      9% (16/177)
Pipeline status:     SUCCESS
=======================================
=======================================
DAILY RUN SUMMARY
Date: 2026-03-15 16:07:22
=======================================
Pages generated:     10
Pages rejected:      1
Total pages on disk: 242
Crawl budget:        10 pages/day
Indexing ratio:      9% (16/177)
Pipeline status:     SUCCESS
=======================================
=======================================
DAILY RUN SUMMARY
Date: 2026-03-15 18:06:33
=======================================
Pages generated:     10
Pages rejected:      1
Total pages on disk: 252
Crawl budget:        10 pages/day
Indexing ratio:      9% (16/177)
Pipeline status:     SUCCESS
=======================================
=======================================
DAILY RUN SUMMARY
Date: 2026-03-15 19:14:45
=======================================
Pages generated:     10
Pages rejected:      1
Total pages on disk: 262
Crawl budget:        10 pages/day
Indexing ratio:      9% (16/177)
Pipeline status:     SUCCESS
=======================================
=======================================
DAILY RUN SUMMARY
Date: 2026-03-15 21:20:53
=======================================
Pages generated:     10
Pages rejected:      1
Total pages on disk: 272
Crawl budget:        10 pages/day
Indexing ratio:      9% (16/177)
Pipeline status:     SUCCESS
=======================================
=======================================
DAILY RUN SUMMARY
Date: 2026-03-15 21:36:00
=======================================
Pages generated:     10
Pages rejected:      1
Total pages on disk: 282
Crawl budget:        10 pages/day
Indexing ratio:      9% (16/177)
Pipeline status:     SUCCESS
=======================================
=======================================
DAILY RUN SUMMARY
Date: 2026-03-15 21:41:15
=======================================
Pages generated:     10
Pages rejected:      1
Total pages on disk: 292
Crawl budget:        10 pages/day
Indexing ratio:      9% (16/177)
Pipeline status:     SUCCESS
=======================================
=======================================
DAILY RUN SUMMARY
Date: 2026-03-15 21:49:56
=======================================
Pages generated:     10
Pages rejected:      1
Total pages on disk: 302
Crawl budget:        10 pages/day
Indexing ratio:      9% (16/177)
Pipeline status:     SUCCESS
=======================================
=======================================
DAILY RUN SUMMARY
Date: 2026-03-15 21:53:46
=======================================
Pages generated:     10
Pages rejected:      1
Total pages on disk: 312
Crawl budget:        10 pages/day
Indexing ratio:      9% (16/177)
Pipeline status:     SUCCESS
=======================================
=======================================
DAILY RUN SUMMARY
Date: 2026-03-15 22:04:48
=======================================
Pages generated:     10
Pages rejected:      1
Total pages on disk: 322
Crawl budget:        10 pages/day
Indexing ratio:      9% (16/177)
Pipeline status:     SUCCESS
=======================================
